<?xml version="1.0" encoding="UTF-8"?>
<testsuite xmlns:xsi="http://www.w3.org/2001/XMLSchema-instance" xsi:noNamespaceSchemaLocation="https://maven.apache.org/surefire/maven-surefire-plugin/xsd/surefire-test-report-3.0.xsd" version="3.0" name="be.ugent.TestIfcSpfReader" time="6.502" tests="3" errors="0" skipped="0" failures="0">
  <properties>
    <property name="java.specification.version" value="13"/>
    <property name="sun.cpu.isalist" value="amd64"/>
    <property name="sun.jnu.encoding" value="Cp1252"/>
    <property name="java.class.path" value="D:\Github\IFCtoRDF-master\target\test-classes;D:\Github\IFCtoRDF-master\target\classes;C:\Users\jeroe\.m2\repository\org\apache\jena\jena-core\3.1.1\jena-core-3.1.1.jar;C:\Users\jeroe\.m2\repository\org\apache\jena\jena-iri\3.1.1\jena-iri-3.1.1.jar;C:\Users\jeroe\.m2\repository\xerces\xercesImpl\2.11.0\xercesImpl-2.11.0.jar;C:\Users\jeroe\.m2\repository\xml-apis\xml-apis\1.4.01\xml-apis-1.4.01.jar;C:\Users\jeroe\.m2\repository\commons-cli\commons-cli\1.3\commons-cli-1.3.jar;C:\Users\jeroe\.m2\repository\org\apache\jena\jena-base\3.1.1\jena-base-3.1.1.jar;C:\Users\jeroe\.m2\repository\com\github\andrewoma\dexx\collection\0.6\collection-0.6.jar;C:\Users\jeroe\.m2\repository\org\apache\jena\jena-arq\3.1.1\jena-arq-3.1.1.jar;C:\Users\jeroe\.m2\repository\org\apache\jena\jena-shaded-guava\3.1.1\jena-shaded-guava-3.1.1.jar;C:\Users\jeroe\.m2\repository\org\apache\httpcomponents\httpclient\4.5.2\httpclient-4.5.2.jar;C:\Users\jeroe\.m2\repository\org\apache\httpcomponents\httpcore\4.4.4\httpcore-4.4.4.jar;C:\Users\jeroe\.m2\repository\commons-codec\commons-codec\1.9\commons-codec-1.9.jar;C:\Users\jeroe\.m2\repository\com\github\jsonld-java\jsonld-java\0.8.3\jsonld-java-0.8.3.jar;C:\Users\jeroe\.m2\repository\com\fasterxml\jackson\core\jackson-core\2.7.4\jackson-core-2.7.4.jar;C:\Users\jeroe\.m2\repository\com\fasterxml\jackson\core\jackson-databind\2.7.4\jackson-databind-2.7.4.jar;C:\Users\jeroe\.m2\repository\com\fasterxml\jackson\core\jackson-annotations\2.7.0\jackson-annotations-2.7.0.jar;C:\Users\jeroe\.m2\repository\commons-io\commons-io\2.5\commons-io-2.5.jar;C:\Users\jeroe\.m2\repository\org\apache\httpcomponents\httpclient-cache\4.5.2\httpclient-cache-4.5.2.jar;C:\Users\jeroe\.m2\repository\org\apache\thrift\libthrift\0.9.3\libthrift-0.9.3.jar;C:\Users\jeroe\.m2\repository\org\slf4j\jcl-over-slf4j\1.7.21\jcl-over-slf4j-1.7.21.jar;C:\Users\jeroe\.m2\repository\org\apache\commons\commons-csv\1.3\commons-csv-1.3.jar;C:\Users\jeroe\.m2\repository\org\apache\commons\commons-lang3\3.4\commons-lang3-3.4.jar;C:\Users\jeroe\.m2\repository\com\github\pipauwel\EXPRESStoOWL\0.3\EXPRESStoOWL-0.3.jar;C:\Users\jeroe\.m2\repository\com\google\code\gson\gson\2.8.0\gson-2.8.0.jar;C:\Users\jeroe\.m2\repository\com\github\pipauwel\ifcParserLib\0.2\ifcParserLib-0.2.jar;C:\Users\jeroe\.m2\repository\org\slf4j\slf4j-api\1.7.6\slf4j-api-1.7.6.jar;C:\Users\jeroe\.m2\repository\org\slf4j\slf4j-log4j12\1.7.5\slf4j-log4j12-1.7.5.jar;C:\Users\jeroe\.m2\repository\log4j\log4j\1.2.17\log4j-1.2.17.jar;C:\Users\jeroe\.m2\repository\junit\junit\4.7\junit-4.7.jar;"/>
    <property name="java.vm.vendor" value="Oracle Corporation"/>
    <property name="sun.arch.data.model" value="64"/>
    <property name="user.variant" value=""/>
    <property name="java.vendor.url" value="https://java.oracle.com/"/>
    <property name="user.timezone" value="Europe/Brussels"/>
    <property name="os.name" value="Windows 10"/>
    <property name="java.vm.specification.version" value="13"/>
    <property name="test.build.data" value="D:\Github\IFCtoRDF-master/target/test-data/"/>
    <property name="sun.java.launcher" value="SUN_STANDARD"/>
    <property name="user.country" value="GB"/>
    <property name="sun.boot.library.path" value="C:\Program Files\Java\jdk-13.0.2\bin"/>
    <property name="sun.java.command" value="C:\Users\jeroe\AppData\Local\Temp\surefire13784747157385159838\surefirebooter6029101511676204178.jar C:\Users\jeroe\AppData\Local\Temp\surefire13784747157385159838 2020-04-16T16-50-38_100-jvmRun1 surefire16910136310106639563tmp surefire_06391801204642594546tmp"/>
    <property name="jdk.debug" value="release"/>
    <property name="surefire.test.class.path" value="D:\Github\IFCtoRDF-master\target\test-classes;D:\Github\IFCtoRDF-master\target\classes;C:\Users\jeroe\.m2\repository\org\apache\jena\jena-core\3.1.1\jena-core-3.1.1.jar;C:\Users\jeroe\.m2\repository\org\apache\jena\jena-iri\3.1.1\jena-iri-3.1.1.jar;C:\Users\jeroe\.m2\repository\xerces\xercesImpl\2.11.0\xercesImpl-2.11.0.jar;C:\Users\jeroe\.m2\repository\xml-apis\xml-apis\1.4.01\xml-apis-1.4.01.jar;C:\Users\jeroe\.m2\repository\commons-cli\commons-cli\1.3\commons-cli-1.3.jar;C:\Users\jeroe\.m2\repository\org\apache\jena\jena-base\3.1.1\jena-base-3.1.1.jar;C:\Users\jeroe\.m2\repository\com\github\andrewoma\dexx\collection\0.6\collection-0.6.jar;C:\Users\jeroe\.m2\repository\org\apache\jena\jena-arq\3.1.1\jena-arq-3.1.1.jar;C:\Users\jeroe\.m2\repository\org\apache\jena\jena-shaded-guava\3.1.1\jena-shaded-guava-3.1.1.jar;C:\Users\jeroe\.m2\repository\org\apache\httpcomponents\httpclient\4.5.2\httpclient-4.5.2.jar;C:\Users\jeroe\.m2\repository\org\apache\httpcomponents\httpcore\4.4.4\httpcore-4.4.4.jar;C:\Users\jeroe\.m2\repository\commons-codec\commons-codec\1.9\commons-codec-1.9.jar;C:\Users\jeroe\.m2\repository\com\github\jsonld-java\jsonld-java\0.8.3\jsonld-java-0.8.3.jar;C:\Users\jeroe\.m2\repository\com\fasterxml\jackson\core\jackson-core\2.7.4\jackson-core-2.7.4.jar;C:\Users\jeroe\.m2\repository\com\fasterxml\jackson\core\jackson-databind\2.7.4\jackson-databind-2.7.4.jar;C:\Users\jeroe\.m2\repository\com\fasterxml\jackson\core\jackson-annotations\2.7.0\jackson-annotations-2.7.0.jar;C:\Users\jeroe\.m2\repository\commons-io\commons-io\2.5\commons-io-2.5.jar;C:\Users\jeroe\.m2\repository\org\apache\httpcomponents\httpclient-cache\4.5.2\httpclient-cache-4.5.2.jar;C:\Users\jeroe\.m2\repository\org\apache\thrift\libthrift\0.9.3\libthrift-0.9.3.jar;C:\Users\jeroe\.m2\repository\org\slf4j\jcl-over-slf4j\1.7.21\jcl-over-slf4j-1.7.21.jar;C:\Users\jeroe\.m2\repository\org\apache\commons\commons-csv\1.3\commons-csv-1.3.jar;C:\Users\jeroe\.m2\repository\org\apache\commons\commons-lang3\3.4\commons-lang3-3.4.jar;C:\Users\jeroe\.m2\repository\com\github\pipauwel\EXPRESStoOWL\0.3\EXPRESStoOWL-0.3.jar;C:\Users\jeroe\.m2\repository\com\google\code\gson\gson\2.8.0\gson-2.8.0.jar;C:\Users\jeroe\.m2\repository\com\github\pipauwel\ifcParserLib\0.2\ifcParserLib-0.2.jar;C:\Users\jeroe\.m2\repository\org\slf4j\slf4j-api\1.7.6\slf4j-api-1.7.6.jar;C:\Users\jeroe\.m2\repository\org\slf4j\slf4j-log4j12\1.7.5\slf4j-log4j12-1.7.5.jar;C:\Users\jeroe\.m2\repository\log4j\log4j\1.2.17\log4j-1.2.17.jar;C:\Users\jeroe\.m2\repository\junit\junit\4.7\junit-4.7.jar;"/>
    <property name="sun.cpu.endian" value="little"/>
    <property name="user.home" value="C:\Users\jeroe"/>
    <property name="user.language" value="en"/>
    <property name="java.specification.vendor" value="Oracle Corporation"/>
    <property name="java.version.date" value="2020-01-14"/>
    <property name="java.home" value="C:\Program Files\Java\jdk-13.0.2"/>
    <property name="file.separator" value="\"/>
    <property name="basedir" value="D:\Github\IFCtoRDF-master"/>
    <property name="java.vm.compressedOopsMode" value="32-bit"/>
    <property name="line.separator" value="&#10;"/>
    <property name="java.vm.specification.vendor" value="Oracle Corporation"/>
    <property name="java.specification.name" value="Java Platform API Specification"/>
    <property name="surefire.real.class.path" value="C:\Users\jeroe\AppData\Local\Temp\surefire13784747157385159838\surefirebooter6029101511676204178.jar"/>
    <property name="user.script" value=""/>
    <property name="sun.management.compiler" value="HotSpot 64-Bit Tiered Compilers"/>
    <property name="java.runtime.version" value="13.0.2+8"/>
    <property name="user.name" value="jeroe"/>
    <property name="path.separator" value=";"/>
    <property name="os.version" value="10.0"/>
    <property name="java.runtime.name" value="Java(TM) SE Runtime Environment"/>
    <property name="file.encoding" value="Cp1252"/>
    <property name="java.vm.name" value="Java HotSpot(TM) 64-Bit Server VM"/>
    <property name="localRepository" value="C:\Users\jeroe\.m2\repository"/>
    <property name="java.vendor.url.bug" value="https://bugreport.java.com/bugreport/"/>
    <property name="java.io.tmpdir" value="C:\Users\jeroe\AppData\Local\Temp\"/>
    <property name="java.version" value="13.0.2"/>
    <property name="user.dir" value="D:\Github\IFCtoRDF-master"/>
    <property name="os.arch" value="amd64"/>
    <property name="java.vm.specification.name" value="Java Virtual Machine Specification"/>
    <property name="sun.os.patch.level" value=""/>
    <property name="java.library.path" value="C:\Program Files\Java\jdk-13.0.2\bin;C:\WINDOWS\Sun\Java\bin;C:\WINDOWS\system32;C:\WINDOWS;C:\Program Files\NVIDIA GPU Computing Toolkit\CUDA\v10.2\bin;C:\Program Files\NVIDIA GPU Computing Toolkit\CUDA\v10.2\libnvvp;C:\Program Files\Java\jre1.8.0_241\bin;C:\Program Files (x86)\Common Files\Oracle\Java\javapath;C:\WINDOWS\system32;C:\WINDOWS;C:\WINDOWS\System32\Wbem;C:\WINDOWS\System32\WindowsPowerShell\v1.0\;C:\WINDOWS\System32\OpenSSH\;C:\Program Files\Microsoft SQL Server\120\Tools\Binn\;C:\Program Files\Common Files\Autodesk Shared\;C:\Program Files\Microsoft VS Code\bin;C:\Program Files\nodejs\;C:\ProgramData\chocolatey\bin;C:\Program Files\Git\cmd;C:\Program Files\Java\apache-maven-3.6.3\bin;C:\Program Files\MongoDB\Server\4.2\bin;C:\Program Files\Oracle\VirtualBox;C:\Program Files\NVIDIA Corporation\Nsight Compute 2019.5.0\;C:\Program Files (x86)\NVIDIA Corporation\PhysX\Common;C:\Program Files\NVIDIA Corporation\NVIDIA NvDLISR;C:\Strawberry\c\bin;C:\Strawberry\perl\site\bin;C:\Strawberry\perl\bin;C:\Python37\Scripts;C:\Users\jeroe\anaconda3\condabin;C:\Users\jeroe\AppData\Local\Microsoft\WindowsApps;C:\Users\jeroe\AppData\Local\GitHubDesktop\bin;C:\Users\jeroe\AppData\Roaming\npm;C:\Program Files\JetBrains\PyCharm 2019.2.3\bin;C:\Program Files\JetBrains\WebStorm 2019.2.3\bin;."/>
    <property name="java.vm.info" value="mixed mode, sharing"/>
    <property name="java.vendor" value="Oracle Corporation"/>
    <property name="java.vm.version" value="13.0.2+8"/>
    <property name="sun.io.unicode.encoding" value="UnicodeLittle"/>
    <property name="java.class.version" value="57.0"/>
  </properties>
  <testcase name="testShowFiles" classname="be.ugent.TestIfcSpfReader" time="0.066"/>
  <testcase name="testSlurp" classname="be.ugent.TestIfcSpfReader" time="0"/>
  <testcase name="testConvertIFCFileToOutputTTL" classname="be.ugent.TestIfcSpfReader" time="6.398"/>
</testsuite>