<?xml version="1.0" encoding="UTF-8"?>
<testsuite xmlns:xsi="http://www.w3.org/2001/XMLSchema-instance" xsi:noNamespaceSchemaLocation="https://maven.apache.org/surefire/maven-surefire-plugin/xsd/surefire-test-report-3.0.xsd" version="3.0" name="be.ugent.TestIfcSpfReader" time="15.672" tests="3" errors="0" skipped="0" failures="0">
  <properties>
    <property name="sun.desktop" value="windows"/>
    <property name="awt.toolkit" value="sun.awt.windows.WToolkit"/>
    <property name="java.specification.version" value="12"/>
    <property name="sun.cpu.isalist" value="amd64"/>
    <property name="sun.jnu.encoding" value="Cp1252"/>
    <property name="java.class.path" value="C:\Users\jmauwerb\github\IFCtoRDF\target\test-classes;C:\Users\jmauwerb\github\IFCtoRDF\target\classes;C:\Users\install\.m2\repository\org\apache\jena\jena-core\3.1.1\jena-core-3.1.1.jar;C:\Users\install\.m2\repository\org\apache\jena\jena-iri\3.1.1\jena-iri-3.1.1.jar;C:\Users\install\.m2\repository\xerces\xercesImpl\2.11.0\xercesImpl-2.11.0.jar;C:\Users\install\.m2\repository\xml-apis\xml-apis\1.4.01\xml-apis-1.4.01.jar;C:\Users\install\.m2\repository\commons-cli\commons-cli\1.3\commons-cli-1.3.jar;C:\Users\install\.m2\repository\org\apache\jena\jena-base\3.1.1\jena-base-3.1.1.jar;C:\Users\install\.m2\repository\com\github\andrewoma\dexx\collection\0.6\collection-0.6.jar;C:\Users\install\.m2\repository\org\apache\jena\jena-arq\3.1.1\jena-arq-3.1.1.jar;C:\Users\install\.m2\repository\org\apache\jena\jena-shaded-guava\3.1.1\jena-shaded-guava-3.1.1.jar;C:\Users\install\.m2\repository\org\apache\httpcomponents\httpclient\4.5.2\httpclient-4.5.2.jar;C:\Users\install\.m2\repository\org\apache\httpcomponents\httpcore\4.4.4\httpcore-4.4.4.jar;C:\Users\install\.m2\repository\commons-codec\commons-codec\1.9\commons-codec-1.9.jar;C:\Users\install\.m2\repository\com\github\jsonld-java\jsonld-java\0.8.3\jsonld-java-0.8.3.jar;C:\Users\install\.m2\repository\com\fasterxml\jackson\core\jackson-core\2.7.4\jackson-core-2.7.4.jar;C:\Users\install\.m2\repository\com\fasterxml\jackson\core\jackson-databind\2.7.4\jackson-databind-2.7.4.jar;C:\Users\install\.m2\repository\com\fasterxml\jackson\core\jackson-annotations\2.7.0\jackson-annotations-2.7.0.jar;C:\Users\install\.m2\repository\commons-io\commons-io\2.5\commons-io-2.5.jar;C:\Users\install\.m2\repository\org\apache\httpcomponents\httpclient-cache\4.5.2\httpclient-cache-4.5.2.jar;C:\Users\install\.m2\repository\org\apache\thrift\libthrift\0.9.3\libthrift-0.9.3.jar;C:\Users\install\.m2\repository\org\slf4j\jcl-over-slf4j\1.7.21\jcl-over-slf4j-1.7.21.jar;C:\Users\install\.m2\repository\org\apache\commons\commons-csv\1.3\commons-csv-1.3.jar;C:\Users\install\.m2\repository\org\apache\commons\commons-lang3\3.4\commons-lang3-3.4.jar;C:\Users\install\.m2\repository\com\github\pipauwel\EXPRESStoOWL\0.3\EXPRESStoOWL-0.3.jar;C:\Users\install\.m2\repository\com\google\code\gson\gson\2.8.0\gson-2.8.0.jar;C:\Users\install\.m2\repository\com\github\pipauwel\ifcParserLib\0.2\ifcParserLib-0.2.jar;C:\Users\install\.m2\repository\org\slf4j\slf4j-api\1.7.6\slf4j-api-1.7.6.jar;C:\Users\install\.m2\repository\org\slf4j\slf4j-log4j12\1.7.5\slf4j-log4j12-1.7.5.jar;C:\Users\install\.m2\repository\log4j\log4j\1.2.17\log4j-1.2.17.jar;C:\Users\install\.m2\repository\junit\junit\4.7\junit-4.7.jar;"/>
    <property name="java.vm.vendor" value="Oracle Corporation"/>
    <property name="sun.arch.data.model" value="64"/>
    <property name="user.variant" value=""/>
    <property name="java.vendor.url" value="https://java.oracle.com/"/>
    <property name="user.timezone" value="Europe/Brussels"/>
    <property name="user.country.format" value="BE"/>
    <property name="os.name" value="Windows 10"/>
    <property name="java.vm.specification.version" value="12"/>
    <property name="test.build.data" value="C:\Users\jmauwerb\github\IFCtoRDF/target/test-data/"/>
    <property name="sun.java.launcher" value="SUN_STANDARD"/>
    <property name="user.country" value="US"/>
    <property name="sun.boot.library.path" value="C:\Progra~1\Java\jdk-12.0.1\bin"/>
    <property name="sun.java.command" value="C:\Users\install\AppData\Local\Temp\surefire12518237423644424626\surefirebooter1076328388466734188.jar C:\Users\install\AppData\Local\Temp\surefire12518237423644424626 2020-01-22T10-56-08_520-jvmRun1 surefire825780858918765950tmp surefire_016512787403955055847tmp"/>
    <property name="jdk.debug" value="release"/>
    <property name="surefire.test.class.path" value="C:\Users\jmauwerb\github\IFCtoRDF\target\test-classes;C:\Users\jmauwerb\github\IFCtoRDF\target\classes;C:\Users\install\.m2\repository\org\apache\jena\jena-core\3.1.1\jena-core-3.1.1.jar;C:\Users\install\.m2\repository\org\apache\jena\jena-iri\3.1.1\jena-iri-3.1.1.jar;C:\Users\install\.m2\repository\xerces\xercesImpl\2.11.0\xercesImpl-2.11.0.jar;C:\Users\install\.m2\repository\xml-apis\xml-apis\1.4.01\xml-apis-1.4.01.jar;C:\Users\install\.m2\repository\commons-cli\commons-cli\1.3\commons-cli-1.3.jar;C:\Users\install\.m2\repository\org\apache\jena\jena-base\3.1.1\jena-base-3.1.1.jar;C:\Users\install\.m2\repository\com\github\andrewoma\dexx\collection\0.6\collection-0.6.jar;C:\Users\install\.m2\repository\org\apache\jena\jena-arq\3.1.1\jena-arq-3.1.1.jar;C:\Users\install\.m2\repository\org\apache\jena\jena-shaded-guava\3.1.1\jena-shaded-guava-3.1.1.jar;C:\Users\install\.m2\repository\org\apache\httpcomponents\httpclient\4.5.2\httpclient-4.5.2.jar;C:\Users\install\.m2\repository\org\apache\httpcomponents\httpcore\4.4.4\httpcore-4.4.4.jar;C:\Users\install\.m2\repository\commons-codec\commons-codec\1.9\commons-codec-1.9.jar;C:\Users\install\.m2\repository\com\github\jsonld-java\jsonld-java\0.8.3\jsonld-java-0.8.3.jar;C:\Users\install\.m2\repository\com\fasterxml\jackson\core\jackson-core\2.7.4\jackson-core-2.7.4.jar;C:\Users\install\.m2\repository\com\fasterxml\jackson\core\jackson-databind\2.7.4\jackson-databind-2.7.4.jar;C:\Users\install\.m2\repository\com\fasterxml\jackson\core\jackson-annotations\2.7.0\jackson-annotations-2.7.0.jar;C:\Users\install\.m2\repository\commons-io\commons-io\2.5\commons-io-2.5.jar;C:\Users\install\.m2\repository\org\apache\httpcomponents\httpclient-cache\4.5.2\httpclient-cache-4.5.2.jar;C:\Users\install\.m2\repository\org\apache\thrift\libthrift\0.9.3\libthrift-0.9.3.jar;C:\Users\install\.m2\repository\org\slf4j\jcl-over-slf4j\1.7.21\jcl-over-slf4j-1.7.21.jar;C:\Users\install\.m2\repository\org\apache\commons\commons-csv\1.3\commons-csv-1.3.jar;C:\Users\install\.m2\repository\org\apache\commons\commons-lang3\3.4\commons-lang3-3.4.jar;C:\Users\install\.m2\repository\com\github\pipauwel\EXPRESStoOWL\0.3\EXPRESStoOWL-0.3.jar;C:\Users\install\.m2\repository\com\google\code\gson\gson\2.8.0\gson-2.8.0.jar;C:\Users\install\.m2\repository\com\github\pipauwel\ifcParserLib\0.2\ifcParserLib-0.2.jar;C:\Users\install\.m2\repository\org\slf4j\slf4j-api\1.7.6\slf4j-api-1.7.6.jar;C:\Users\install\.m2\repository\org\slf4j\slf4j-log4j12\1.7.5\slf4j-log4j12-1.7.5.jar;C:\Users\install\.m2\repository\log4j\log4j\1.2.17\log4j-1.2.17.jar;C:\Users\install\.m2\repository\junit\junit\4.7\junit-4.7.jar;"/>
    <property name="sun.cpu.endian" value="little"/>
    <property name="user.home" value="C:\Users\install"/>
    <property name="user.language" value="en"/>
    <property name="java.specification.vendor" value="Oracle Corporation"/>
    <property name="java.version.date" value="2019-04-16"/>
    <property name="java.home" value="C:\Progra~1\Java\jdk-12.0.1"/>
    <property name="file.separator" value="\"/>
    <property name="basedir" value="C:\Users\jmauwerb\github\IFCtoRDF"/>
    <property name="java.vm.compressedOopsMode" value="32-bit"/>
    <property name="line.separator" value="&#10;"/>
    <property name="java.vm.specification.vendor" value="Oracle Corporation"/>
    <property name="java.specification.name" value="Java Platform API Specification"/>
    <property name="java.awt.graphicsenv" value="sun.awt.Win32GraphicsEnvironment"/>
    <property name="surefire.real.class.path" value="C:\Users\install\AppData\Local\Temp\surefire12518237423644424626\surefirebooter1076328388466734188.jar"/>
    <property name="user.script" value=""/>
    <property name="sun.management.compiler" value="HotSpot 64-Bit Tiered Compilers"/>
    <property name="java.runtime.version" value="12.0.1+12"/>
    <property name="user.name" value="install"/>
    <property name="path.separator" value=";"/>
    <property name="os.version" value="10.0"/>
    <property name="java.runtime.name" value="Java(TM) SE Runtime Environment"/>
    <property name="file.encoding" value="Cp1252"/>
    <property name="java.vm.name" value="Java HotSpot(TM) 64-Bit Server VM"/>
    <property name="localRepository" value="C:\Users\install\.m2\repository"/>
    <property name="java.vendor.url.bug" value="https://bugreport.java.com/bugreport/"/>
    <property name="java.io.tmpdir" value="C:\Users\install\AppData\Local\Temp\"/>
    <property name="java.version" value="12.0.1"/>
    <property name="user.dir" value="C:\Users\jmauwerb\github\IFCtoRDF"/>
    <property name="os.arch" value="amd64"/>
    <property name="java.vm.specification.name" value="Java Virtual Machine Specification"/>
    <property name="user.language.format" value="nl"/>
    <property name="sun.os.patch.level" value=""/>
    <property name="java.library.path" value="C:\Progra~1\Java\jdk-12.0.1\bin;C:\Windows\Sun\Java\bin;C:\Windows\system32;C:\Windows;C:\ProgramData\DockerDesktop\version-bin;C:\Program Files\Docker\Docker\Resources\bin;C:\Python37;C:\Python37\Scripts;C:\Python27\;C:\Python27\Scripts;C:\Program Files (x86)\Common Files\Oracle\Java\javapath;C:\Program Files\Apache Software Foundation\apache-jena-fuseki-3.12.0\bin;C:\Program Files\Java\jdk-12.0.1\bin;C:\Program Files\Java\jre1.8.0_202\bin;C:\Users\jmauwerb\AppData\Roaming\npm;C:\Windows\system32;C:\Windows;C:\Windows\System32\Wbem;C:\Windows\System32\WindowsPowerShell\v1.0\;C:\Windows\System32\OpenSSH\;C:\Users\Administrator\AppData\Local\Microsoft\WindowsApps;C:\Windows\system32\tools;C:\Program Files\Microsoft SQL Server\120\Tools\Binn\;C:\Program Files\Common Files\Autodesk Shared\;C:\ProgramData\chocolatey\bin;C:\Program Files\nodejs\;C:\Program Files\MySQL\MySQL Utilities 1.6\;C:\Program Files\Apache Software Foundation\apache-maven-3.6.1-bin\apache-maven-3.6.1\bin;C:\Gradle\gradle-5.4.1\bin;C:\stardog-6.2.2\bin;C:\Program Files\Microsoft VS Code\bin;C:\Program Files\Git\cmd;C:\Users\Administrator\AppData\Roaming\npm\node_modules\bower\bin;C:\Program Files (x86)\Intel\Intel(R) Management Engine Components\DAL;C:\Program Files\Intel\Intel(R) Management Engine Components\DAL;C:\Users\jmauwerb\mongodb\bin;C:\Program Files\heroku\bin;C:\Program Files\OpenSSL-Win64\bin;C:\Users\jmauwerb\AppData\Local\Continuum\anaconda3\condabin;C:\Users\jmauwerb\AppData\Local\Continuum\anaconda3\Library\bin;C:\Users\jmauwerb\nanopub\bin;C:\Program Files\MySQL\MySQL Shell 8.0\bin\;."/>
    <property name="java.vm.info" value="mixed mode, sharing"/>
    <property name="java.vendor" value="Oracle Corporation"/>
    <property name="java.vm.version" value="12.0.1+12"/>
    <property name="sun.io.unicode.encoding" value="UnicodeLittle"/>
    <property name="java.class.version" value="56.0"/>
  </properties>
  <testcase name="testSlurp" classname="be.ugent.TestIfcSpfReader" time="0.156"/>
  <testcase name="testShowFiles" classname="be.ugent.TestIfcSpfReader" time="0"/>
  <testcase name="testConvertIFCFileToOutputTTL" classname="be.ugent.TestIfcSpfReader" time="15.454"/>
</testsuite>